<?xml version="1.0" encoding="UTF-8"?>
<!-- Generated by org.testng.reporters.JUnitXMLReporter -->
<testsuite ignored="0" hostname="Ayush-Mathur" failures="0" tests="4" name="Test" time="0.025" errors="0" timestamp="18 Jul 2021 06:58:59 GMT">
  <testcase classname="qaclickacademy.restassureDTest" name="restAPIUITesting" time="0.006"/>
  <testcase classname="qaclickacademy.restassureDTest" name="restapiTesting" time="0.0"/>
  <testcase classname="qaclickacademy.appiuMTest" name="appiumUITesting" time="0.0"/>
  <testcase classname="qaclickacademy.appiuMTest" name="appiumtesting" time="0.0"/>
</testsuite> <!-- Test -->
