<?xml version="1.0" encoding="UTF-8"?>
<testng-results ignored="0" total="4" passed="4" failed="0" skipped="0">
  <reporter-output>
  </reporter-output>
  <suite started-at="2021-07-18T06:58:59Z" name="Suite" finished-at="2021-07-18T06:58:59Z" duration-ms="25">
    <groups>
    </groups>
    <test started-at="2021-07-18T06:58:59Z" name="Test" finished-at="2021-07-18T06:58:59Z" duration-ms="25">
      <class name="qaclickacademy.restassureDTest">
        <test-method signature="restAPIUITesting()[pri:0, instance:qaclickacademy.restassureDTest@4b8ee4de]" started-at="2021-07-18T06:58:59Z" name="restAPIUITesting" finished-at="2021-07-18T06:58:59Z" duration-ms="6" status="PASS">
          <reporter-output>
          </reporter-output>
        </test-method> <!-- restAPIUITesting -->
        <test-method signature="restapiTesting()[pri:0, instance:qaclickacademy.restassureDTest@4b8ee4de]" started-at="2021-07-18T06:58:59Z" name="restapiTesting" finished-at="2021-07-18T06:58:59Z" duration-ms="0" status="PASS">
          <reporter-output>
          </reporter-output>
        </test-method> <!-- restapiTesting -->
      </class> <!-- qaclickacademy.restassureDTest -->
      <class name="qaclickacademy.appiuMTest">
        <test-method signature="appiumUITesting()[pri:0, instance:qaclickacademy.appiuMTest@2dc54ad4]" started-at="2021-07-18T06:58:59Z" name="appiumUITesting" finished-at="2021-07-18T06:58:59Z" duration-ms="0" status="PASS">
          <reporter-output>
          </reporter-output>
        </test-method> <!-- appiumUITesting -->
        <test-method signature="appiumtesting()[pri:0, instance:qaclickacademy.appiuMTest@2dc54ad4]" started-at="2021-07-18T06:58:59Z" name="appiumtesting" finished-at="2021-07-18T06:58:59Z" duration-ms="0" status="PASS">
          <reporter-output>
          </reporter-output>
        </test-method> <!-- appiumtesting -->
      </class> <!-- qaclickacademy.appiuMTest -->
    </test> <!-- Test -->
  </suite> <!-- Suite -->
</testng-results>
